<?xml version="1.0" encoding="UTF-8"?>
<!-- Generated by org.testng.reporters.JUnitReportReporter -->
<testsuite skipped="0" hostname="DESKTOP-69A82KC" name="com.qa.test.runner.TestRunner" tests="1" failures="0" timestamp="24 Jun 2021 12:37:43 GMT" time="37.984" errors="0">
  <testcase name="runScenario" time="37.984" classname="com.qa.test.runner.TestRunner"/>
</testsuite> <!-- com.qa.test.runner.TestRunner -->
